#
# A fatal error has been detected by the Java Runtime Environment:
#
#  SIGSEGV (0xb) at pc=0x0000000106e232c4, pid=82851, tid=19459
#
# JRE version: Java(TM) SE Runtime Environment (8.0_25-b17) (build 1.8.0_25-b17)
# Java VM: Java HotSpot(TM) 64-Bit Server VM (25.25-b02 mixed mode bsd-amd64 compressed oops)
# Problematic frame:
# V  [libjvm.dylib+0x4232c4]  Method::checked_resolve_jmethod_id(_jmethodID*)+0x22
#
# Failed to write core dump. Core dumps have been disabled. To enable core dumping, try "ulimit -c unlimited" before starting Java again
#
# If you would like to submit a bug report, please visit:
#   http://bugreport.sun.com/bugreport/crash.jsp
#

---------------  T H R E A D  ---------------

Current thread (0x00007fbe4f011800):  JavaThread "JDWP Transport Listener: dt_socket" daemon [_thread_in_vm, id=19459, stack(0x0000700000fca000,0x00007000010ca000)]

siginfo: si_signo: 11 (SIGSEGV), si_code: 0 (unknown), si_addr: 0x0000000000000000

Registers:
RAX=0xb000000000000000, RBX=0x00007fbe4d816b80, RCX=0x00000001071d6c80, RDX=0x00007000010c9a8b
RSP=0x00007000010c99d0, RBP=0x00007000010c99e0, RSI=0x00007fbe4f011800, RDI=0x00007fbe4d816b80
R8 =0x0000000000000000, R9 =0x0000000000000000, R10=0x0000000000000001, R11=0x00007fbe4d800000
R12=0x00007fbe4f011800, R13=0x00007fbe4d81aa80, R14=0x00007fbe4d81aa80, R15=0x00007fbe4d900390
RIP=0x0000000106e232c4, EFLAGS=0x0000000000010212, ERR=0x0000000000000000
  TRAPNO=0x000000000000000d

Top of Stack: (sp=0x00007000010c99d0)
0x00007000010c99d0:   00007000010c9a8b 00007000010c9a8b
0x00007000010c99e0:   00007000010c9a40 0000000106d3526e
0x00007000010c99f0:   00007fbe4f011800 0000000000000000
0x00007000010c9a00:   0000000000000000 0000000000000000
0x00007000010c9a10:   00007fbe4f011800 00007fbe4f011800
0x00007000010c9a20:   00007000010c9a8b 00007000010c9a90
0x00007000010c9a30:   00007fbe4d81aa80 0000000000000004
0x00007000010c9a40:   00007000010c9a60 00000001058df7dc
0x00007000010c9a50:   0000000000000001 00007000010c9b08
0x00007000010c9a60:   00007000010c9ad0 00000001058c4263
0x00007000010c9a70:   00007000010c9aa0 00007fbe4d815260
0x00007000010c9a80:   0000000500000032 00000008000c9b08
0x00007000010c9a90:   0000000000000000 0000000000000000
0x00007000010c9aa0:   0000000000000000 00007000010c9c90
0x00007000010c9ab0:   00000001058e6eca 00007fbe4db06b10
0x00007000010c9ac0:   00007000010c9b08 00000001058f2588
0x00007000010c9ad0:   00007000010c9ae0 00000001058c435c
0x00007000010c9ae0:   00007000010c9d00 00000001058cd8f6
0x00007000010c9af0:   0000de7600000013 00000000000f0200
0x00007000010c9b00:   00007fbe4db0a9b0 00007000010c9bfc
0x00007000010c9b10:   00007fbe00000088 00007000010c9b20
0x00007000010c9b20:   00000000000000a4 00007000010c9b58
0x00007000010c9b30:   0000000000000000 0000000000000000
0x00007000010c9b40:   0000de760000000f 00007fff00004c80
0x00007000010c9b50:   00007000010c9b58 be7f000005000000
0x00007000010c9b60:   07000000f814914d 0065676e61526e69
0x00007000010c9b70:   4949494928070000 0000000000005a29
0x00007000010c9b80:   914dbe7f00000a00 616d04000000f014
0x00007000010c9b90:   5b28160000006e69 616c2f6176616a4c
0x00007000010c9ba0:   6e697274532f676e 0000000056293b67
0x00007000010c9bb0:   be7f000009000000 09000000f8af814d
0x00007000010c9bc0:   6f6f6c6632676f6c 2949280400000072 

Instructions: (pc=0x0000000106e232c4)
0x0000000106e232a4:   89 e5 53 48 83 ec 08 48 85 ff 74 24 48 8b 1f 48
0x0000000106e232b4:   85 db 74 1c 48 83 fb 37 74 16 48 8b 03 48 89 df
0x0000000106e232c4:   ff 50 10 84 c0 b8 00 00 00 00 48 0f 45 c3 eb 02
0x0000000106e232d4:   31 c0 48 83 c4 08 5b 5d c3 90 55 48 89 e5 48 8b 

Register to memory mapping:

RAX=0xb000000000000000 is an unknown value
RBX=0x00007fbe4d816b80 is an unknown value
RCX=0x00000001071d6c80: UseMembar+0 in /Library/Java/JavaVirtualMachines/jdk1.8.0_25.jdk/Contents/Home/jre/lib/server/libjvm.dylib at 0x0000000106a00000
RDX=0x00007000010c9a8b is pointing into the stack for thread: 0x00007fbe4f011800
RSP=0x00007000010c99d0 is pointing into the stack for thread: 0x00007fbe4f011800
RBP=0x00007000010c99e0 is pointing into the stack for thread: 0x00007fbe4f011800
RSI=0x00007fbe4f011800 is a thread
RDI=0x00007fbe4d816b80 is an unknown value
R8 =0x0000000000000000 is an unknown value
R9 =0x0000000000000000 is an unknown value
R10=0x0000000000000001 is an unknown value
R11=0x00007fbe4d800000 is an unknown value
R12=0x00007fbe4f011800 is a thread
R13=0x00007fbe4d81aa80 is an unknown value
R14=0x00007fbe4d81aa80 is an unknown value
R15=0x00007fbe4d900390 is an unknown value


Stack: [0x0000700000fca000,0x00007000010ca000],  sp=0x00007000010c99d0,  free space=1022k
Native frames: (J=compiled Java code, j=interpreted, Vv=VM code, C=native code)
V  [libjvm.dylib+0x4232c4]  Method::checked_resolve_jmethod_id(_jmethodID*)+0x22
V  [libjvm.dylib+0x33526e]  jvmti_IsMethodSynthetic+0xb2
C  [libjdwp.dylib+0x207dc]  isMethodSynthetic+0x63
C  [libjdwp.dylib+0x5263]  methods1+0x10b
C  [libjdwp.dylib+0x535c]  methodsWithGeneric+0xe
C  [libjdwp.dylib+0xe8f6]  debugLoop_run+0x1ce
C  [libjdwp.dylib+0x1f716]  attachThread+0x4d
V  [libjvm.dylib+0x3762ce]  JvmtiAgentThread::call_start_function()+0x38
V  [libjvm.dylib+0x535ed9]  JavaThread::thread_main_inner()+0x9b
V  [libjvm.dylib+0x53761c]  JavaThread::run()+0x1c2
V  [libjvm.dylib+0x45d87e]  java_start(Thread*)+0xf6
C  [libsystem_pthread.dylib+0x39b1]  _pthread_body+0x83
C  [libsystem_pthread.dylib+0x392e]  _pthread_body+0x0
C  [libsystem_pthread.dylib+0x1385]  thread_start+0xd
C  0x0000000000000000


---------------  P R O C E S S  ---------------

Java Threads: ( => current thread )
  0x00007fbe4e028800 JavaThread "Service Thread" daemon [_thread_blocked, id=23043, stack(0x00007000016df000,0x00007000017df000)]
  0x00007fbe4d026800 JavaThread "C1 CompilerThread3" daemon [_thread_blocked, id=22531, stack(0x00007000015dc000,0x00007000016dc000)]
  0x00007fbe4f013800 JavaThread "C2 CompilerThread2" daemon [_thread_blocked, id=22019, stack(0x00007000014d9000,0x00007000015d9000)]
  0x00007fbe4e818800 JavaThread "C2 CompilerThread1" daemon [_thread_blocked, id=21507, stack(0x00007000013d6000,0x00007000014d6000)]
  0x00007fbe4d025800 JavaThread "C2 CompilerThread0" daemon [_thread_blocked, id=20995, stack(0x00007000012d3000,0x00007000013d3000)]
  0x00007fbe4f013000 JavaThread "JDWP Command Reader" daemon [_thread_in_native, id=20483, stack(0x00007000011d0000,0x00007000012d0000)]
  0x00007fbe4f012000 JavaThread "JDWP Event Helper Thread" daemon [_thread_blocked, id=19971, stack(0x00007000010cd000,0x00007000011cd000)]
=>0x00007fbe4f011800 JavaThread "JDWP Transport Listener: dt_socket" daemon [_thread_in_vm, id=19459, stack(0x0000700000fca000,0x00007000010ca000)]
  0x00007fbe4f010800 JavaThread "Signal Dispatcher" daemon [_thread_blocked, id=18711, stack(0x0000700000ec7000,0x0000700000fc7000)]
  0x00007fbe4e025800 JavaThread "Finalizer" daemon [_thread_blocked, id=14339, stack(0x0000700000c3b000,0x0000700000d3b000)]
  0x00007fbe4b806000 JavaThread "Reference Handler" daemon [_thread_blocked, id=13827, stack(0x0000700000b38000,0x0000700000c38000)]
  0x00007fbe4d001000 JavaThread "main" [_thread_blocked, id=5891, stack(0x000070000011a000,0x000070000021a000)]

Other Threads:
  0x00007fbe4e023000 VMThread [stack: 0x0000700000a35000,0x0000700000b35000] [id=13315]
  0x00007fbe4f014800 WatcherThread [stack: 0x00007000017e2000,0x00007000018e2000] [id=23555]

VM state:not at safepoint (normal execution)

VM Mutex/Monitor currently owned by a thread: None

Heap:
 PSYoungGen      total 76288K, used 5243K [0x000000076ab00000, 0x0000000770000000, 0x00000007c0000000)
  eden space 65536K, 8% used [0x000000076ab00000,0x000000076b01ec68,0x000000076eb00000)
  from space 10752K, 0% used [0x000000076f580000,0x000000076f580000,0x0000000770000000)
  to   space 10752K, 0% used [0x000000076eb00000,0x000000076eb00000,0x000000076f580000)
 ParOldGen       total 175104K, used 0K [0x00000006c0000000, 0x00000006cab00000, 0x000000076ab00000)
  object space 175104K, 0% used [0x00000006c0000000,0x00000006c0000000,0x00000006cab00000)
 Metaspace       used 2833K, capacity 4564K, committed 4864K, reserved 1056768K
  class space    used 302K, capacity 388K, committed 512K, reserved 1048576K

Card table byte_map: [0x0000000116cdc000,0x00000001174dd000] byte_map_base: 0x00000001136dc000

Marking Bits: (ParMarkBitMap*) 0x000000010729d390
 Begin Bits: [0x0000000117a33000, 0x000000011ba33000)
 End Bits:   [0x000000011ba33000, 0x000000011fa33000)

Polling page: 0x00000001058be000

CodeCache: size=245760Kb used=1201Kb max_used=1201Kb free=244558Kb
 bounds [0x000000010791c000, 0x0000000107b8c000, 0x000000011691c000]
 total_blobs=303 nmethods=77 adapters=149
 compilation: enabled

Compilation events (10 events):
Event: 0.177 Thread 0x00007fbe4d026800   73       3       java.lang.String::startsWith (7 bytes)
Event: 0.177 Thread 0x00007fbe4d026800 nmethod 73 0x0000000107a479d0 code [0x0000000107a47b40, 0x0000000107a47d68]
Event: 0.177 Thread 0x00007fbe4d026800   74       1       java.util.ArrayList::size (5 bytes)
Event: 0.177 Thread 0x00007fbe4d026800 nmethod 74 0x0000000107a47e10 code [0x0000000107a47f60, 0x0000000107a48070]
Event: 0.177 Thread 0x00007fbe4d026800   75       3       java.lang.StringBuilder::<init> (7 bytes)
Event: 0.178 Thread 0x00007fbe4d026800 nmethod 75 0x0000000107a480d0 code [0x0000000107a48240, 0x0000000107a484f0]
Event: 0.178 Thread 0x00007fbe4d026800   76       3       java.lang.StringBuilder::toString (17 bytes)
Event: 0.178 Thread 0x00007fbe4d026800 nmethod 76 0x0000000107a48610 code [0x0000000107a48780, 0x0000000107a48988]
Event: 3.938 Thread 0x00007fbe4d026800   77       3       java.lang.Math::max (11 bytes)
Event: 3.938 Thread 0x00007fbe4d026800 nmethod 77 0x0000000107a48a50 code [0x0000000107a48bc0, 0x0000000107a48d50]

GC Heap History (0 events):
No events

Deoptimization events (0 events):
No events

Internal exceptions (10 events):
Event: 0.145 Thread 0x00007fbe4d001000 Exception <a 'java/security/PrivilegedActionException'> (0x000000076abe26c8) thrown at [/HUDSON3/workspace/8-2-build-macosx-x86_64/jdk8u25/1514/hotspot/src/share/vm/prims/jvm.cpp, line 1312]
Event: 0.145 Thread 0x00007fbe4d001000 Exception <a 'java/security/PrivilegedActionException'> (0x000000076abe2880) thrown at [/HUDSON3/workspace/8-2-build-macosx-x86_64/jdk8u25/1514/hotspot/src/share/vm/prims/jvm.cpp, line 1312]
Event: 0.146 Thread 0x00007fbe4d001000 Exception <a 'java/util/zip/ZipException'> (0x000000076abe35a8) thrown at [/HUDSON3/workspace/8-2-build-macosx-x86_64/jdk8u25/1514/hotspot/src/share/vm/prims/jni.cpp, line 716]
Event: 0.146 Thread 0x00007fbe4d001000 Exception <a 'java/security/PrivilegedActionException'> (0x000000076abe3758) thrown at [/HUDSON3/workspace/8-2-build-macosx-x86_64/jdk8u25/1514/hotspot/src/share/vm/prims/jvm.cpp, line 1312]
Event: 0.146 Thread 0x00007fbe4d001000 Exception <a 'java/security/PrivilegedActionException'> (0x000000076abe3910) thrown at [/HUDSON3/workspace/8-2-build-macosx-x86_64/jdk8u25/1514/hotspot/src/share/vm/prims/jvm.cpp, line 1312]
Event: 0.153 Thread 0x00007fbe4d001000 Exception <a 'java/util/zip/ZipException'> (0x000000076abf5370) thrown at [/HUDSON3/workspace/8-2-build-macosx-x86_64/jdk8u25/1514/hotspot/src/share/vm/prims/jni.cpp, line 716]
Event: 0.153 Thread 0x00007fbe4d001000 Exception <a 'java/security/PrivilegedActionException'> (0x000000076abf5520) thrown at [/HUDSON3/workspace/8-2-build-macosx-x86_64/jdk8u25/1514/hotspot/src/share/vm/prims/jvm.cpp, line 1312]
Event: 0.153 Thread 0x00007fbe4d001000 Exception <a 'java/security/PrivilegedActionException'> (0x000000076abf56d8) thrown at [/HUDSON3/workspace/8-2-build-macosx-x86_64/jdk8u25/1514/hotspot/src/share/vm/prims/jvm.cpp, line 1312]
Event: 0.153 Thread 0x00007fbe4d001000 Exception <a 'java/security/PrivilegedActionException'> (0x000000076abf5a48) thrown at [/HUDSON3/workspace/8-2-build-macosx-x86_64/jdk8u25/1514/hotspot/src/share/vm/prims/jvm.cpp, line 1312]
Event: 0.177 Thread 0x00007fbe4d001000 Exception <a 'java/security/PrivilegedActionException'> (0x000000076ac28db8) thrown at [/HUDSON3/workspace/8-2-build-macosx-x86_64/jdk8u25/1514/hotspot/src/share/vm/prims/jvm.cpp, line 1312]

Events (10 events):
Event: 74029.099 Executing VM operation: ChangeBreakpoints
Event: 74029.099 Executing VM operation: ChangeBreakpoints done
Event: 74062.113 Executing VM operation: ChangeBreakpoints
Event: 74062.113 Executing VM operation: ChangeBreakpoints done
Event: 74062.114 Executing VM operation: ChangeBreakpoints
Event: 74062.114 Executing VM operation: ChangeBreakpoints done
Event: 74063.483 Executing VM operation: ChangeBreakpoints
Event: 74063.483 Executing VM operation: ChangeBreakpoints done
Event: 74080.539 Executing VM operation: RedefineClasses
Event: 74080.544 Executing VM operation: RedefineClasses done


Dynamic libraries:
0x000000000181e000 	/System/Library/Frameworks/Cocoa.framework/Versions/A/Cocoa
0x000000000181e000 	/System/Library/Frameworks/Security.framework/Versions/A/Security
0x000000000181e000 	/System/Library/Frameworks/ApplicationServices.framework/Versions/A/ApplicationServices
0x000000000181e000 	/usr/lib/libz.1.dylib
0x000000000181e000 	/usr/lib/libSystem.B.dylib
0x000000000181e000 	/usr/lib/libobjc.A.dylib
0x000000000181e000 	/System/Library/Frameworks/CoreFoundation.framework/Versions/A/CoreFoundation
0x000000000181e000 	/System/Library/Frameworks/Foundation.framework/Versions/C/Foundation
0x000000000181e000 	/System/Library/Frameworks/AppKit.framework/Versions/C/AppKit
0x000000000181e000 	/System/Library/Frameworks/CoreData.framework/Versions/A/CoreData
0x000000000181e000 	/System/Library/PrivateFrameworks/RemoteViewServices.framework/Versions/A/RemoteViewServices
0x000000000181e000 	/System/Library/PrivateFrameworks/UIFoundation.framework/Versions/A/UIFoundation
0x000000000181e000 	/usr/lib/libScreenReader.dylib
0x000000000181e000 	/System/Library/Frameworks/Accelerate.framework/Versions/A/Accelerate
0x000000000181e000 	/System/Library/Frameworks/IOSurface.framework/Versions/A/IOSurface
0x000000000181e000 	/System/Library/Frameworks/AudioToolbox.framework/Versions/A/AudioToolbox
0x000000000181e000 	/System/Library/Frameworks/AudioUnit.framework/Versions/A/AudioUnit
0x000000000181e000 	/System/Library/PrivateFrameworks/DataDetectorsCore.framework/Versions/A/DataDetectorsCore
0x000000000181e000 	/System/Library/PrivateFrameworks/DesktopServicesPriv.framework/Versions/A/DesktopServicesPriv
0x000000000181e000 	/System/Library/Frameworks/Carbon.framework/Versions/A/Frameworks/HIToolbox.framework/Versions/A/HIToolbox
0x000000000181e000 	/System/Library/Frameworks/QuartzCore.framework/Versions/A/QuartzCore
0x000000000181e000 	/System/Library/Frameworks/Carbon.framework/Versions/A/Frameworks/SpeechRecognition.framework/Versions/A/SpeechRecognition
0x000000000181e000 	/usr/lib/libauto.dylib
0x000000000181e000 	/usr/lib/libicucore.A.dylib
0x000000000181e000 	/usr/lib/libxml2.2.dylib
0x000000000181e000 	/System/Library/PrivateFrameworks/CoreUI.framework/Versions/A/CoreUI
0x000000000181e000 	/System/Library/Frameworks/CoreAudio.framework/Versions/A/CoreAudio
0x000000000181e000 	/System/Library/Frameworks/DiskArbitration.framework/Versions/A/DiskArbitration
0x000000000181e000 	/usr/lib/liblangid.dylib
0x000000000181e000 	/System/Library/PrivateFrameworks/MultitouchSupport.framework/Versions/A/MultitouchSupport
0x000000000181e000 	/System/Library/Frameworks/IOKit.framework/Versions/A/IOKit
0x000000000181e000 	/usr/lib/libDiagnosticMessagesClient.dylib
0x000000000181e000 	/System/Library/Frameworks/CoreServices.framework/Versions/A/CoreServices
0x000000000181e000 	/System/Library/PrivateFrameworks/PerformanceAnalysis.framework/Versions/A/PerformanceAnalysis
0x000000000181e000 	/System/Library/PrivateFrameworks/GenerationalStorage.framework/Versions/A/GenerationalStorage
0x000000000181e000 	/System/Library/Frameworks/OpenGL.framework/Versions/A/OpenGL
0x000000000181e000 	/System/Library/PrivateFrameworks/Sharing.framework/Versions/A/Sharing
0x000000000181e000 	/System/Library/Frameworks/CoreGraphics.framework/Versions/A/CoreGraphics
0x000000000181e000 	/System/Library/Frameworks/CoreImage.framework/Versions/A/CoreImage
0x000000000181e000 	/System/Library/Frameworks/CoreText.framework/Versions/A/CoreText
0x000000000181e000 	/System/Library/Frameworks/ImageIO.framework/Versions/A/ImageIO
0x000000000181e000 	/System/Library/PrivateFrameworks/Backup.framework/Versions/A/Backup
0x000000000181e000 	/usr/lib/libextension.dylib
0x000000000181e000 	/usr/lib/libarchive.2.dylib
0x000000000181e000 	/System/Library/Frameworks/CFNetwork.framework/Versions/A/CFNetwork
0x000000000181e000 	/System/Library/Frameworks/SystemConfiguration.framework/Versions/A/SystemConfiguration
0x000000000181e000 	/usr/lib/libCRFSuite.dylib
0x000000000181e000 	/usr/lib/libc++.1.dylib
0x000000000181e000 	/usr/lib/libc++abi.dylib
0x000000000181e000 	/usr/lib/system/libcache.dylib
0x000000000181e000 	/usr/lib/system/libcommonCrypto.dylib
0x000000000181e000 	/usr/lib/system/libcompiler_rt.dylib
0x000000000181e000 	/usr/lib/system/libcopyfile.dylib
0x000000000181e000 	/usr/lib/system/libcorecrypto.dylib
0x000000000181e000 	/usr/lib/system/libdispatch.dylib
0x000000000181e000 	/usr/lib/system/libdyld.dylib
0x000000000181e000 	/usr/lib/system/libkeymgr.dylib
0x000000000181e000 	/usr/lib/system/liblaunch.dylib
0x000000000181e000 	/usr/lib/system/libmacho.dylib
0x000000000181e000 	/usr/lib/system/libquarantine.dylib
0x000000000181e000 	/usr/lib/system/libremovefile.dylib
0x000000000181e000 	/usr/lib/system/libsystem_asl.dylib
0x000000000181e000 	/usr/lib/system/libsystem_blocks.dylib
0x000000000181e000 	/usr/lib/system/libsystem_c.dylib
0x000000000181e000 	/usr/lib/system/libsystem_configuration.dylib
0x000000000181e000 	/usr/lib/system/libsystem_coreservices.dylib
0x000000000181e000 	/usr/lib/system/libsystem_coretls.dylib
0x000000000181e000 	/usr/lib/system/libsystem_dnssd.dylib
0x000000000181e000 	/usr/lib/system/libsystem_info.dylib
0x000000000181e000 	/usr/lib/system/libsystem_kernel.dylib
0x000000000181e000 	/usr/lib/system/libsystem_m.dylib
0x000000000181e000 	/usr/lib/system/libsystem_malloc.dylib
0x000000000181e000 	/usr/lib/system/libsystem_network.dylib
0x000000000181e000 	/usr/lib/system/libsystem_networkextension.dylib
0x000000000181e000 	/usr/lib/system/libsystem_notify.dylib
0x000000000181e000 	/usr/lib/system/libsystem_platform.dylib
0x000000000181e000 	/usr/lib/system/libsystem_pthread.dylib
0x000000000181e000 	/usr/lib/system/libsystem_sandbox.dylib
0x000000000181e000 	/usr/lib/system/libsystem_secinit.dylib
0x000000000181e000 	/usr/lib/system/libsystem_trace.dylib
0x000000000181e000 	/usr/lib/system/libunc.dylib
0x000000000181e000 	/usr/lib/system/libunwind.dylib
0x000000000181e000 	/usr/lib/system/libxpc.dylib
0x000000000181e000 	/usr/lib/libenergytrace.dylib
0x000000000181e000 	/usr/lib/libbsm.0.dylib
0x000000000181e000 	/usr/lib/system/libkxld.dylib
0x000000000181e000 	/usr/lib/libxar.1.dylib
0x000000000181e000 	/usr/lib/libsqlite3.dylib
0x000000000181e000 	/usr/lib/libpam.2.dylib
0x000000000181e000 	/usr/lib/libOpenScriptingUtil.dylib
0x000000000181e000 	/usr/lib/libbz2.1.0.dylib
0x000000000181e000 	/usr/lib/liblzma.5.dylib
0x000000000181e000 	/System/Library/Frameworks/CoreServices.framework/Versions/A/Frameworks/FSEvents.framework/Versions/A/FSEvents
0x000000000181e000 	/System/Library/Frameworks/CoreServices.framework/Versions/A/Frameworks/CarbonCore.framework/Versions/A/CarbonCore
0x000000000181e000 	/System/Library/Frameworks/CoreServices.framework/Versions/A/Frameworks/Metadata.framework/Versions/A/Metadata
0x000000000181e000 	/System/Library/Frameworks/CoreServices.framework/Versions/A/Frameworks/OSServices.framework/Versions/A/OSServices
0x000000000181e000 	/System/Library/Frameworks/CoreServices.framework/Versions/A/Frameworks/SearchKit.framework/Versions/A/SearchKit
0x000000000181e000 	/System/Library/Frameworks/CoreServices.framework/Versions/A/Frameworks/AE.framework/Versions/A/AE
0x000000000181e000 	/System/Library/Frameworks/CoreServices.framework/Versions/A/Frameworks/LaunchServices.framework/Versions/A/LaunchServices
0x000000000181e000 	/System/Library/Frameworks/CoreServices.framework/Versions/A/Frameworks/DictionaryServices.framework/Versions/A/DictionaryServices
0x000000000181e000 	/System/Library/Frameworks/CoreServices.framework/Versions/A/Frameworks/SharedFileList.framework/Versions/A/SharedFileList
0x000000000181e000 	/System/Library/Frameworks/NetFS.framework/Versions/A/NetFS
0x000000000181e000 	/System/Library/PrivateFrameworks/NetAuth.framework/Versions/A/NetAuth
0x000000000181e000 	/System/Library/PrivateFrameworks/login.framework/Versions/A/Frameworks/loginsupport.framework/Versions/A/loginsupport
0x000000000181e000 	/System/Library/PrivateFrameworks/TCC.framework/Versions/A/TCC
0x000000000181e000 	/usr/lib/libmecabra.dylib
0x000000000181e000 	/System/Library/Frameworks/ApplicationServices.framework/Versions/A/Frameworks/ATS.framework/Versions/A/ATS
0x000000000181e000 	/System/Library/Frameworks/ApplicationServices.framework/Versions/A/Frameworks/ColorSync.framework/Versions/A/ColorSync
0x000000000181e000 	/System/Library/Frameworks/ApplicationServices.framework/Versions/A/Frameworks/HIServices.framework/Versions/A/HIServices
0x000000000181e000 	/System/Library/Frameworks/ApplicationServices.framework/Versions/A/Frameworks/LangAnalysis.framework/Versions/A/LangAnalysis
0x000000000181e000 	/System/Library/Frameworks/ApplicationServices.framework/Versions/A/Frameworks/PrintCore.framework/Versions/A/PrintCore
0x000000000181e000 	/System/Library/Frameworks/ApplicationServices.framework/Versions/A/Frameworks/QD.framework/Versions/A/QD
0x000000000181e000 	/System/Library/Frameworks/ApplicationServices.framework/Versions/A/Frameworks/SpeechSynthesis.framework/Versions/A/SpeechSynthesis
0x000000000181e000 	/System/Library/Frameworks/Metal.framework/Versions/A/Metal
0x000000000181e000 	/System/Library/Frameworks/Accelerate.framework/Versions/A/Frameworks/vImage.framework/Versions/A/vImage
0x000000000181e000 	/System/Library/Frameworks/Accelerate.framework/Versions/A/Frameworks/vecLib.framework/Versions/A/vecLib
0x000000000181e000 	/System/Library/Frameworks/Accelerate.framework/Versions/A/Frameworks/vecLib.framework/Versions/A/libvDSP.dylib
0x000000000181e000 	/System/Library/Frameworks/Accelerate.framework/Versions/A/Frameworks/vecLib.framework/Versions/A/libvMisc.dylib
0x000000000181e000 	/System/Library/Frameworks/Accelerate.framework/Versions/A/Frameworks/vecLib.framework/Versions/A/libLAPACK.dylib
0x000000000181e000 	/System/Library/Frameworks/Accelerate.framework/Versions/A/Frameworks/vecLib.framework/Versions/A/libBLAS.dylib
0x000000000181e000 	/System/Library/Frameworks/Accelerate.framework/Versions/A/Frameworks/vecLib.framework/Versions/A/libLinearAlgebra.dylib
0x000000000181e000 	/System/Library/Frameworks/Accelerate.framework/Versions/A/Frameworks/vecLib.framework/Versions/A/libSparseBLAS.dylib
0x000000000181e000 	/System/Library/PrivateFrameworks/GPUCompiler.framework/libmetal_timestamp.dylib
0x000000000181e000 	/System/Library/Frameworks/OpenGL.framework/Versions/A/Libraries/libCoreFSCache.dylib
0x000000000181e000 	/System/Library/PrivateFrameworks/IOAccelerator.framework/Versions/A/IOAccelerator
0x000000000181e000 	/System/Library/Frameworks/ApplicationServices.framework/Versions/A/Frameworks/ATS.framework/Versions/A/Resources/libFontParser.dylib
0x000000000181e000 	/System/Library/Frameworks/ApplicationServices.framework/Versions/A/Frameworks/ATS.framework/Versions/A/Resources/libFontRegistry.dylib
0x000000000181e000 	/System/Library/PrivateFrameworks/AppleVPA.framework/Versions/A/AppleVPA
0x000000000181e000 	/System/Library/PrivateFrameworks/AppleJPEG.framework/Versions/A/AppleJPEG
0x000000000181e000 	/System/Library/Frameworks/ImageIO.framework/Versions/A/Resources/libJPEG.dylib
0x000000000181e000 	/System/Library/Frameworks/ImageIO.framework/Versions/A/Resources/libTIFF.dylib
0x000000000181e000 	/System/Library/Frameworks/ImageIO.framework/Versions/A/Resources/libPng.dylib
0x000000000181e000 	/System/Library/Frameworks/ImageIO.framework/Versions/A/Resources/libGIF.dylib
0x000000000181e000 	/System/Library/Frameworks/ImageIO.framework/Versions/A/Resources/libJP2.dylib
0x000000000181e000 	/System/Library/Frameworks/ImageIO.framework/Versions/A/Resources/libRadiance.dylib
0x000000000181e000 	/System/Library/Frameworks/CoreVideo.framework/Versions/A/CoreVideo
0x000000000181e000 	/System/Library/Frameworks/OpenGL.framework/Versions/A/Libraries/libGLU.dylib
0x000000000181e000 	/System/Library/Frameworks/OpenGL.framework/Versions/A/Libraries/libGFXShared.dylib
0x000000000181e000 	/System/Library/Frameworks/OpenGL.framework/Versions/A/Libraries/libGL.dylib
0x000000000181e000 	/System/Library/Frameworks/OpenGL.framework/Versions/A/Libraries/libGLImage.dylib
0x000000000181e000 	/System/Library/Frameworks/OpenGL.framework/Versions/A/Libraries/libCVMSPluginSupport.dylib
0x000000000181e000 	/System/Library/Frameworks/OpenGL.framework/Versions/A/Libraries/libCoreVMClient.dylib
0x000000000181e000 	/usr/lib/libcups.2.dylib
0x000000000181e000 	/System/Library/Frameworks/Kerberos.framework/Versions/A/Kerberos
0x000000000181e000 	/System/Library/Frameworks/GSS.framework/Versions/A/GSS
0x000000000181e000 	/usr/lib/libresolv.9.dylib
0x000000000181e000 	/usr/lib/libiconv.2.dylib
0x000000000181e000 	/System/Library/PrivateFrameworks/Heimdal.framework/Versions/A/Heimdal
0x000000000181e000 	/usr/lib/libheimdal-asn1.dylib
0x000000000181e000 	/System/Library/Frameworks/OpenDirectory.framework/Versions/A/OpenDirectory
0x000000000181e000 	/System/Library/PrivateFrameworks/CommonAuth.framework/Versions/A/CommonAuth
0x000000000181e000 	/System/Library/Frameworks/OpenDirectory.framework/Versions/A/Frameworks/CFOpenDirectory.framework/Versions/A/CFOpenDirectory
0x000000000181e000 	/System/Library/Frameworks/SecurityFoundation.framework/Versions/A/SecurityFoundation
0x000000000181e000 	/System/Library/PrivateFrameworks/LanguageModeling.framework/Versions/A/LanguageModeling
0x000000000181e000 	/usr/lib/libmarisa.dylib
0x000000000181e000 	/usr/lib/libChineseTokenizer.dylib
0x000000000181e000 	/usr/lib/libcmph.dylib
0x000000000181e000 	/usr/lib/libcompression.dylib
0x000000000181e000 	/System/Library/Frameworks/ServiceManagement.framework/Versions/A/ServiceManagement
0x000000000181e000 	/usr/lib/libxslt.1.dylib
0x000000000181e000 	/System/Library/Frameworks/Carbon.framework/Versions/A/Frameworks/Ink.framework/Versions/A/Ink
0x000000000181e000 	/usr/lib/libFosl_dynamic.dylib
0x000000000181e000 	/System/Library/PrivateFrameworks/FaceCore.framework/Versions/A/FaceCore
0x000000000181e000 	/System/Library/Frameworks/OpenCL.framework/Versions/A/OpenCL
0x000000000181e000 	/System/Library/PrivateFrameworks/CrashReporterSupport.framework/Versions/A/CrashReporterSupport
0x000000000181e000 	/System/Library/PrivateFrameworks/IconServices.framework/Versions/A/IconServices
0x000000000181e000 	/System/Library/PrivateFrameworks/Apple80211.framework/Versions/A/Apple80211
0x000000000181e000 	/System/Library/Frameworks/CoreWLAN.framework/Versions/A/CoreWLAN
0x000000000181e000 	/System/Library/Frameworks/IOBluetooth.framework/Versions/A/IOBluetooth
0x000000000181e000 	/System/Library/PrivateFrameworks/CoreWiFi.framework/Versions/A/CoreWiFi
0x000000000181e000 	/System/Library/Frameworks/CoreBluetooth.framework/Versions/A/CoreBluetooth
0x000000000181e000 	/System/Library/PrivateFrameworks/ChunkingLibrary.framework/Versions/A/ChunkingLibrary
0x000000000181e000 	/System/Library/PrivateFrameworks/DebugSymbols.framework/Versions/A/DebugSymbols
0x000000000181e000 	/System/Library/PrivateFrameworks/CoreSymbolication.framework/Versions/A/CoreSymbolication
0x000000000181e000 	/System/Library/PrivateFrameworks/Symbolication.framework/Versions/A/Symbolication
0x000000000181e000 	/System/Library/PrivateFrameworks/SpeechRecognitionCore.framework/Versions/A/SpeechRecognitionCore
0x0000000106a00000 	/Library/Java/JavaVirtualMachines/jdk1.8.0_25.jdk/Contents/Home/jre/lib/server/libjvm.dylib
0x000000000181e000 	/usr/lib/libstdc++.6.dylib
0x000000010587c000 	/Library/Java/JavaVirtualMachines/jdk1.8.0_25.jdk/Contents/Home/jre/lib/libverify.dylib
0x000000010588a000 	/Library/Java/JavaVirtualMachines/jdk1.8.0_25.jdk/Contents/Home/jre/lib/libjava.dylib
0x00000001058bf000 	/Library/Java/JavaVirtualMachines/jdk1.8.0_25.jdk/Contents/Home/jre/lib/libjdwp.dylib
0x000000010590a000 	/Library/Java/JavaVirtualMachines/jdk1.8.0_25.jdk/Contents/Home/jre/lib/libnpt.dylib
0x0000000105917000 	/Library/Java/JavaVirtualMachines/jdk1.8.0_25.jdk/Contents/Home/jre/lib/libzip.dylib
0x00000001228fb000 	/System/Library/Frameworks/JavaVM.framework/Frameworks/JavaRuntimeSupport.framework/JavaRuntimeSupport
0x0000000122916000 	/System/Library/Frameworks/JavaVM.framework/Versions/A/Frameworks/JavaNativeFoundation.framework/Versions/A/JavaNativeFoundation
0x000000012292b000 	/System/Library/Frameworks/JavaVM.framework/Versions/A/JavaVM
0x000000000181e000 	/System/Library/Frameworks/Carbon.framework/Versions/A/Carbon
0x00000001059f4000 	/System/Library/PrivateFrameworks/JavaLaunching.framework/Versions/A/JavaLaunching
0x000000000181e000 	/System/Library/Frameworks/Carbon.framework/Versions/A/Frameworks/CommonPanels.framework/Versions/A/CommonPanels
0x000000000181e000 	/System/Library/Frameworks/Carbon.framework/Versions/A/Frameworks/Help.framework/Versions/A/Help
0x000000000181e000 	/System/Library/Frameworks/Carbon.framework/Versions/A/Frameworks/ImageCapture.framework/Versions/A/ImageCapture
0x000000000181e000 	/System/Library/Frameworks/Carbon.framework/Versions/A/Frameworks/OpenScripting.framework/Versions/A/OpenScripting
0x000000000181e000 	/System/Library/Frameworks/Carbon.framework/Versions/A/Frameworks/Print.framework/Versions/A/Print
0x000000000181e000 	/System/Library/Frameworks/Carbon.framework/Versions/A/Frameworks/SecurityHI.framework/Versions/A/SecurityHI
0x000000012424d000 	/Library/Java/JavaVirtualMachines/jdk1.8.0_25.jdk/Contents/Home/jre/lib/libdt_socket.dylib

VM Arguments:
jvm_args: -agentlib:jdwp=transport=dt_socket,address=127.0.0.1:50630,suspend=y,server=n -Dfile.encoding=UTF-8 
java_command: JuneLong16_CHSQARR
java_class_path (initial): /Library/Java/JavaVirtualMachines/jdk1.8.0_25.jdk/Contents/Home/lib/ant-javafx.jar:/Library/Java/JavaVirtualMachines/jdk1.8.0_25.jdk/Contents/Home/lib/dt.jar:/Library/Java/JavaVirtualMachines/jdk1.8.0_25.jdk/Contents/Home/lib/javafx-mx.jar:/Library/Java/JavaVirtualMachines/jdk1.8.0_25.jdk/Contents/Home/lib/jconsole.jar:/Library/Java/JavaVirtualMachines/jdk1.8.0_25.jdk/Contents/Home/lib/sa-jdi.jar:/Library/Java/JavaVirtualMachines/jdk1.8.0_25.jdk/Contents/Home/lib/tools.jar:/Library/Java/JavaVirtualMachines/jdk1.8.0_25.jdk/Contents/Home/jre/lib/charsets.jar:/Library/Java/JavaVirtualMachines/jdk1.8.0_25.jdk/Contents/Home/jre/lib/deploy.jar:/Library/Java/JavaVirtualMachines/jdk1.8.0_25.jdk/Contents/Home/jre/lib/javaws.jar:/Library/Java/JavaVirtualMachines/jdk1.8.0_25.jdk/Contents/Home/jre/lib/jce.jar:/Library/Java/JavaVirtualMachines/jdk1.8.0_25.jdk/Contents/Home/jre/lib/jfr.jar:/Library/Java/JavaVirtualMachines/jdk1.8.0_25.jdk/Contents/Home/jre/lib/jfxswt.jar:/Library/Java/JavaVirtualMachines/jdk1.8.0_25.jdk/Contents/Home/jre/lib/jsse.jar:/Library/Java/JavaVirtualMachines/jdk1.8.0_25.jdk/Contents/Home/jre/lib/management-agent.jar:/Library/Java/JavaVirtualMachines/jdk1.8.0_25.jdk/Contents/Home/jre/lib/plugin.jar:/Library/Java/JavaVirtualMachines/jdk1.8.0_25.jdk/Contents/Home/jre/lib/resources.jar:/Library/Java/JavaVirtualMachines/jdk1.8.0_25.jdk/Contents/Home/jre/lib/rt.jar:/Library/Java/JavaVirtualMachines/jdk1.8.0_25.jdk/Contents/Home/jre/lib/ext/cldrdata.jar:/Library/Java/JavaVirtualMachines/jdk1.8.0_25.jdk/Contents/Home/jre/lib/ext/dnsns.jar:/Library/Java/JavaVirtualMachines/jdk1.8.0_25.jdk/Contents/Home/jre/lib/ext/jfxrt.jar:/Library/Java/JavaVirtualMachines/jdk1.8.0_25.jdk/Contents/Home/jre/lib/ext/localedata.jar:/Library/Java/JavaVirtualMachines/jdk1.8.0_25.jdk/Contents/Home/jre/lib/ext/nashorn.jar:/Library/Java/JavaVirtualMachines/jdk1.8.0_25.jdk/Contents/Home/jre/lib/ext/sunec.jar:/Library/Java/JavaVirtualMachines/jdk1.8.0_25.jdk/C
Launcher Type: SUN_STANDARD

Environment Variables:
JAVA_HOME=/Library/Java/JavaVirtualMachines/jdk1.8.0_25.jdk/Contents/Home
PATH=/usr/local/heroku/bin:/Users/vinaysaini/.rvm/gems/ruby-2.3.0/bin:/Users/vinaysaini/.rvm/gems/ruby-2.3.0@global/bin:/Users/vinaysaini/.rvm/rubies/ruby-2.3.0/bin:/usr/bin:/bin:/usr/sbin:/sbin:/usr/local/bin:/Users/vinaysaini/play/activator-1.3.2:/Users/vinaysaini/.rvm/bin:/Users/vinaysaini/.rvm/bin:/Users/vinaysaini/mgit/:/Users/vinaysaini/.tbe_scripts/
SHELL=/bin/bash

Signal Handlers:
SIGSEGV: [libjvm.dylib+0x579dc7], sa_mask[0]=11111111011111110111111111111111, sa_flags=SA_ONSTACK|SA_RESTART|SA_SIGINFO
SIGBUS: [libjvm.dylib+0x579dc7], sa_mask[0]=11111111011111110111111111111111, sa_flags=SA_RESTART|SA_SIGINFO
SIGFPE: [libjvm.dylib+0x45b030], sa_mask[0]=11111111011111110111111111111111, sa_flags=SA_RESTART|SA_SIGINFO
SIGPIPE: [libjvm.dylib+0x45b030], sa_mask[0]=11111111011111110111111111111111, sa_flags=SA_RESTART|SA_SIGINFO
SIGXFSZ: [libjvm.dylib+0x45b030], sa_mask[0]=11111111011111110111111111111111, sa_flags=SA_RESTART|SA_SIGINFO
SIGILL: [libjvm.dylib+0x45b030], sa_mask[0]=11111111011111110111111111111111, sa_flags=SA_RESTART|SA_SIGINFO
SIGUSR1: SIG_DFL, sa_mask[0]=00000000000000000000000000000000, sa_flags=none
SIGUSR2: [libjvm.dylib+0x45ab4e], sa_mask[0]=00100000000000000000000000000000, sa_flags=SA_RESTART|SA_SIGINFO
SIGHUP: [libjvm.dylib+0x459121], sa_mask[0]=11111111011111110111111111111111, sa_flags=SA_RESTART|SA_SIGINFO
SIGINT: [libjvm.dylib+0x459121], sa_mask[0]=11111111011111110111111111111111, sa_flags=SA_RESTART|SA_SIGINFO
SIGTERM: [libjvm.dylib+0x459121], sa_mask[0]=11111111011111110111111111111111, sa_flags=SA_RESTART|SA_SIGINFO
SIGQUIT: [libjvm.dylib+0x459121], sa_mask[0]=11111111011111110111111111111111, sa_flags=SA_RESTART|SA_SIGINFO


---------------  S Y S T E M  ---------------

OS:Bsduname:Darwin 15.0.0 Darwin Kernel Version 15.0.0: Sat Sep 19 15:53:46 PDT 2015; root:xnu-3247.10.11~1/RELEASE_X86_64 x86_64
rlimit: STACK 8192k, CORE 0k, NPROC 709, NOFILE 10240, AS infinity
load average:5.63 5.51 5.33

CPU:total 8 (4 cores per cpu, 2 threads per core) family 6 model 70 stepping 1, cmov, cx8, fxsr, mmx, sse, sse2, sse3, ssse3, sse4.1, sse4.2, popcnt, avx, avx2, aes, clmul, erms, lzcnt, ht, tsc, tscinvbit, bmi1, bmi2

Memory: 4k page, physical 16777216k(4084600k free)

/proc/meminfo:


vm_info: Java HotSpot(TM) 64-Bit Server VM (25.25-b02) for bsd-amd64 JRE (1.8.0_25-b17), built on Sep 17 2014 16:56:50 by "java_re" with gcc 4.2.1 (Based on Apple Inc. build 5658) (LLVM build 2336.11.00)

time: Fri Jun 10 08:35:10 2016
elapsed time: 74080 seconds (0d 20h 34m 40s)

